#
# There is insufficient memory for the Java Runtime Environment to continue.
# Native memory allocation (mmap) failed to map 671088640 bytes for G1 virtual space
# Possible reasons:
#   The system is out of physical RAM or swap space
#   The process is running with CompressedOops enabled, and the Java Heap may be blocking the growth of the native heap
# Possible solutions:
#   Reduce memory load on the system
#   Increase physical memory or swap space
#   Check if swap backing store is full
#   Decrease Java heap size (-Xmx/-Xms)
#   Decrease number of Java threads
#   Decrease Java thread stack sizes (-Xss)
#   Set larger code cache with -XX:ReservedCodeCacheSize=
#   JVM is running with Zero Based Compressed Oops mode in which the Java heap is
#     placed in the first 32GB address space. The Java Heap base address is the
#     maximum limit for the native heap growth. Please use -XX:HeapBaseMinAddress
#     to set the Java Heap base and to place the Java Heap above 32GB virtual address.
# This output file may be truncated or incomplete.
#
#  Out of Memory Error (os_windows.cpp:3613), pid=43512, tid=45020
#
# JRE version:  (17.0.9+9) (build )
# Java VM: OpenJDK 64-Bit Server VM (17.0.9+9, mixed mode, sharing, tiered, compressed oops, compressed class ptrs, g1 gc, windows-amd64)
# No core dump will be written. Minidumps are not enabled by default on client versions of Windows
#

---------------  S U M M A R Y ------------

Command Line: 

Host: 11th Gen Intel(R) Core(TM) i7-11800H @ 2.30GHz, 16 cores, 39G,  Windows 11 , 64 bit Build 26100 (10.0.26100.4202)
Time: Fri Jun  6 18:45:52 2025 RTZ 1 (s 11 , 64 bit Build 26100 (10.0.26100.4202) elapsed time: 0.006817 seconds (0d 0h 0m 0s)

---------------  T H R E A D  ---------------

Current thread (0x0000029be4ca73f0):  JavaThread "Unknown thread" [_thread_in_vm, id=45020, stack(0x000000c88a200000,0x000000c88a300000)]

Stack: [0x000000c88a200000,0x000000c88a300000]
Native frames: (J=compiled Java code, j=interpreted, Vv=VM code, C=native code)
V  [jvm.dll+0x67cf49]
V  [jvm.dll+0x83478a]
V  [jvm.dll+0x83624e]
V  [jvm.dll+0x8368b3]
V  [jvm.dll+0x247f1f]
V  [jvm.dll+0x679d69]
V  [jvm.dll+0x66e6ba]
V  [jvm.dll+0x307e5b]
V  [jvm.dll+0x30f306]
V  [jvm.dll+0x35f0ce]
V  [jvm.dll+0x35f2ff]
V  [jvm.dll+0x2dea58]
V  [jvm.dll+0x2df9c4]
V  [jvm.dll+0x806031]
V  [jvm.dll+0x36cf31]
V  [jvm.dll+0x7e4aac]
V  [jvm.dll+0x3f07af]
V  [jvm.dll+0x3f23e1]
C  [jli.dll+0x528f]
C  [ucrtbase.dll+0x37b0]
C  [KERNEL32.DLL+0x2e8d7]
C  [ntdll.dll+0x3c34c]


---------------  P R O C E S S  ---------------

Threads class SMR info:
_java_thread_list=0x00007ffc6066ee98, length=0, elements={
}

Java Threads: ( => current thread )

Other Threads:
  0x0000029be4d4b8f0 GCTaskThread "GC Thread#0" [stack: 0x000000c88a300000,0x000000c88a400000] [id=5816]
  0x0000029be4d56710 ConcurrentGCThread "G1 Main Marker" [stack: 0x000000c88a400000,0x000000c88a500000] [id=14776]
  0x0000029be4d57e00 ConcurrentGCThread "G1 Conc#0" [stack: 0x000000c88a500000,0x000000c88a600000] [id=29920]

[error occurred during error reporting (printing all threads), id 0xc0000005, EXCEPTION_ACCESS_VIOLATION (0xc0000005) at pc=0x00007ffc5fe2f497]

VM state: not at safepoint (not fully initialized)

VM Mutex/Monitor currently owned by a thread:  ([mutex/lock_event])
[0x0000029be4ca39d0] Heap_lock - owner thread: 0x0000029be4ca73f0

Heap address: 0x0000000584800000, size: 10168 MB, Compressed Oops mode: Zero based, Oop shift amount: 3

CDS archive(s) mapped at: [0x0000000000000000-0x0000000000000000-0x0000000000000000), size 0, SharedBaseAddress: 0x0000000800000000, ArchiveRelocationMode: 1.
Narrow klass base: 0x0000000000000000, Narrow klass shift: 0, Narrow klass range: 0x0

GC Precious Log:
<Empty>

Heap:
 garbage-first heap   total 0K, used 0K [0x0000000584800000, 0x0000000800000000)
  region size 8192K, 0 young (0K), 0 survivors (0K)

[error occurred during error reporting (printing heap information), id 0xc0000005, EXCEPTION_ACCESS_VIOLATION (0xc0000005) at pc=0x00007ffc60216c79]

GC Heap History (0 events):
No events

Dll operation events (1 events):
Event: 0.004 Loaded shared library D:\Unity\6000.0.49f1\Editor\Data\PlaybackEngines\AndroidPlayer\OpenJDK\bin\java.dll

Deoptimization events (0 events):
No events

Classes unloaded (0 events):
No events

Classes redefined (0 events):
No events

Internal exceptions (0 events):
No events

VM Operations (0 events):
No events

Events (0 events):
No events


Dynamic libraries:
0x00007ff64ce10000 - 0x00007ff64ce1e000 	D:\Unity\6000.0.49f1\Editor\Data\PlaybackEngines\AndroidPlayer\OpenJDK\bin\java.exe
0x00007ffd608a0000 - 0x00007ffd60b05000 	C:\WINDOWS\SYSTEM32\ntdll.dll
0x00007ffd5eba0000 - 0x00007ffd5ec69000 	C:\WINDOWS\System32\KERNEL32.DLL
0x00007ffd5e250000 - 0x00007ffd5e638000 	C:\WINDOWS\System32\KERNELBASE.dll
0x00007ffd5dcb0000 - 0x00007ffd5ddfb000 	C:\WINDOWS\System32\ucrtbase.dll
0x00007ffd30a60000 - 0x00007ffd30a77000 	D:\Unity\6000.0.49f1\Editor\Data\PlaybackEngines\AndroidPlayer\OpenJDK\bin\jli.dll
0x00007ffd307c0000 - 0x00007ffd307db000 	D:\Unity\6000.0.49f1\Editor\Data\PlaybackEngines\AndroidPlayer\OpenJDK\bin\VCRUNTIME140.dll
0x00007ffd5f0b0000 - 0x00007ffd5f27a000 	C:\WINDOWS\System32\USER32.dll
0x00007ffd5e220000 - 0x00007ffd5e247000 	C:\WINDOWS\System32\win32u.dll
0x00007ffd41240000 - 0x00007ffd414da000 	C:\WINDOWS\WinSxS\amd64_microsoft.windows.common-controls_6595b64144ccf1df_6.0.26100.4202_none_3e0698d4e335f517\COMCTL32.dll
0x00007ffd5e6a0000 - 0x00007ffd5e6cb000 	C:\WINDOWS\System32\GDI32.dll
0x00007ffd5ffa0000 - 0x00007ffd60049000 	C:\WINDOWS\System32\msvcrt.dll
0x00007ffd5d9f0000 - 0x00007ffd5db27000 	C:\WINDOWS\System32\gdi32full.dll
0x00007ffd5de00000 - 0x00007ffd5dea3000 	C:\WINDOWS\System32\msvcp_win.dll
0x00007ffd5f300000 - 0x00007ffd5f330000 	C:\WINDOWS\System32\IMM32.DLL
0x00007ffd55830000 - 0x00007ffd5583c000 	D:\Unity\6000.0.49f1\Editor\Data\PlaybackEngines\AndroidPlayer\OpenJDK\bin\vcruntime140_1.dll
0x00007ffd0df70000 - 0x00007ffd0dffd000 	D:\Unity\6000.0.49f1\Editor\Data\PlaybackEngines\AndroidPlayer\OpenJDK\bin\msvcp140.dll
0x00007ffc5fb40000 - 0x00007ffc607a1000 	D:\Unity\6000.0.49f1\Editor\Data\PlaybackEngines\AndroidPlayer\OpenJDK\bin\server\jvm.dll
0x00007ffd60290000 - 0x00007ffd60343000 	C:\WINDOWS\System32\ADVAPI32.dll
0x00007ffd5eaf0000 - 0x00007ffd5eb96000 	C:\WINDOWS\System32\sechost.dll
0x00007ffd60160000 - 0x00007ffd60275000 	C:\WINDOWS\System32\RPCRT4.dll
0x00007ffd2f920000 - 0x00007ffd2f92a000 	C:\WINDOWS\SYSTEM32\WSOCK32.dll
0x00007ffd5c5d0000 - 0x00007ffd5c62e000 	C:\WINDOWS\SYSTEM32\POWRPROF.dll
0x00007ffd45680000 - 0x00007ffd456b5000 	C:\WINDOWS\SYSTEM32\WINMM.dll
0x00007ffd4a530000 - 0x00007ffd4a53b000 	C:\WINDOWS\SYSTEM32\VERSION.dll
0x00007ffd60050000 - 0x00007ffd600c4000 	C:\WINDOWS\System32\WS2_32.dll
0x00007ffd5c5b0000 - 0x00007ffd5c5c4000 	C:\WINDOWS\SYSTEM32\UMPDC.dll
0x00007ffd5c890000 - 0x00007ffd5c8ab000 	C:\WINDOWS\SYSTEM32\kernel.appcore.dll
0x00007ffd557d0000 - 0x00007ffd557da000 	D:\Unity\6000.0.49f1\Editor\Data\PlaybackEngines\AndroidPlayer\OpenJDK\bin\jimage.dll
0x00007ffd5ad00000 - 0x00007ffd5af41000 	C:\WINDOWS\SYSTEM32\DBGHELP.DLL
0x00007ffd5ec70000 - 0x00007ffd5eff5000 	C:\WINDOWS\System32\combase.dll
0x00007ffd5feb0000 - 0x00007ffd5ff91000 	C:\WINDOWS\System32\OLEAUT32.dll
0x00007ffd3d960000 - 0x00007ffd3d999000 	C:\WINDOWS\SYSTEM32\dbgcore.DLL
0x00007ffd5e030000 - 0x00007ffd5e0c9000 	C:\WINDOWS\System32\bcryptPrimitives.dll
0x00007ffd10f00000 - 0x00007ffd10f25000 	D:\Unity\6000.0.49f1\Editor\Data\PlaybackEngines\AndroidPlayer\OpenJDK\bin\java.dll

dbghelp: loaded successfully - version: 4.0.5 - missing functions: none
symbol engine: initialized successfully - sym options: 0x614 - pdb path: .;D:\Unity\6000.0.49f1\Editor\Data\PlaybackEngines\AndroidPlayer\OpenJDK\bin;C:\WINDOWS\SYSTEM32;C:\WINDOWS\WinSxS\amd64_microsoft.windows.common-controls_6595b64144ccf1df_6.0.26100.4202_none_3e0698d4e335f517;D:\Unity\6000.0.49f1\Editor\Data\PlaybackEngines\AndroidPlayer\OpenJDK\bin\server

VM Arguments:
java_command: <unknown>
java_class_path (initial): <not set>
Launcher Type: SUN_STANDARD

[Global flags]
     intx CICompilerCount                          = 12                                        {product} {ergonomic}
     uint ConcGCThreads                            = 3                                         {product} {ergonomic}
     uint G1ConcRefinementThreads                  = 13                                        {product} {ergonomic}
   size_t G1HeapRegionSize                         = 8388608                                   {product} {ergonomic}
    uintx GCDrainStackTargetSize                   = 64                                        {product} {ergonomic}
   size_t InitialHeapSize                          = 671088640                                 {product} {ergonomic}
   size_t MarkStackSize                            = 4194304                                   {product} {ergonomic}
   size_t MaxHeapSize                              = 10661920768                               {product} {ergonomic}
   size_t MinHeapDeltaBytes                        = 8388608                                   {product} {ergonomic}
   size_t MinHeapSize                              = 8388608                                   {product} {ergonomic}
    uintx NonNMethodCodeHeapSize                   = 7602480                                {pd product} {ergonomic}
    uintx NonProfiledCodeHeapSize                  = 122027880                              {pd product} {ergonomic}
    uintx ProfiledCodeHeapSize                     = 122027880                              {pd product} {ergonomic}
    uintx ReservedCodeCacheSize                    = 251658240                              {pd product} {ergonomic}
     bool SegmentedCodeCache                       = true                                      {product} {ergonomic}
   size_t SoftMaxHeapSize                          = 10661920768                            {manageable} {ergonomic}
     bool UseCompressedClassPointers               = true                           {product lp64_product} {ergonomic}
     bool UseCompressedOops                        = true                           {product lp64_product} {ergonomic}
     bool UseG1GC                                  = true                                      {product} {ergonomic}
     bool UseLargePagesIndividualAllocation        = false                                  {pd product} {ergonomic}

Logging:
Log output configuration:
 #0: stdout all=warning uptime,level,tags
 #1: stderr all=off uptime,level,tags

Environment Variables:
JAVA_HOME=D:/Unity/6000.0.49f1/Editor/Data/PlaybackEngines/AndroidPlayer\OpenJDK
PATH=C:\Program Files\Eclipse Adoptium\jdk-8.0.452.9-hotspot\bin;C:\Program Files (x86)\Common Files\Oracle\Java\javapath;C:\ProgramData\Oracle\Java\javapath;C:\WINDOWS\system32;C:\WINDOWS;C:\WINDOWS\System32\Wbem;C:\WINDOWS\System32\WindowsPowerShell\v1.0\;C:\WINDOWS\System32\OpenSSH\;C:\Program Files\Git\cmd;C:\Users\grafe\AppData\Roaming\nvm;C:\Program Files\nodejs;C:\Users\grafe\AppData\Roaming\nvm\v20.9.0;C:\Program Files\Java\jdk-17\bin;C:\Program Files\Gradle\gradle-8.5\bin;C:\Users\grafe\AppData\Local\Android\Sdk\platform-tools;C:\Program Files (x86)\NVIDIA Corporation\PhysX\Common;C:\Users\grafe\AppData\Local\Android\Sdk\tools;D:\Apps\TexturePacker\bin;C:\Program Files\Docker\Docker\resources\bin;C:\Program Files\NVIDIA Corporation\NVIDIA app\NvDLISR;C:\php-8.4.5;C:\Program Files\dotnet\;d:\Apps\cursor\resources\app\bin;C:\Users\grafe\AppData\Local\Programs\Python\Python313\Scripts\;C:\Users\grafe\AppData\Local\Programs\Python\Python313\;C:\Users\grafe\AppData\Local\Microsoft\WindowsApps;C:\Program Files\JetBrains\JetBrains Rider 2022.3.3\bin;C:\Users\grafe\AppData\Roaming\nvm;C:\Program Files\nodejs;C:\Users\grafe\AppData\Local\Microsoft\WinGet\Packages\MikeFarah.yq_Microsoft.Winget.Source_8wekyb3d8bbwe;C:\Users\grafe\AppData\Local\Programs\Microsoft VS Code\bin;D:\Apps\IntelliJ IDEA 2022.3.2\bin;C:\Users\grafe\AppData\Local\JetBrains\Toolbox\scripts;C:\Users\grafe\AppData\Local\Microsoft\WindowsApps;D:\Apps\Brackets\;C:\Users\grafe\.dotnet\tools;D:\Apps\cursor\resources\app\bin
USERNAME=grafe
OS=Windows_NT
PROCESSOR_IDENTIFIER=Intel64 Family 6 Model 141 Stepping 1, GenuineIntel
TMP=C:\Users\grafe\AppData\Local\Temp
TEMP=C:\Users\grafe\AppData\Local\Temp



Periodic native trim disabled


---------------  S Y S T E M  ---------------

OS:
 Windows 11 , 64 bit Build 26100 (10.0.26100.4202)
OS uptime: 3 days 7:00 hours
Hyper-V role detected

CPU: total 16 (initial active 16) (8 cores per cpu, 2 threads per core) family 6 model 141 stepping 1 microcode 0x34, cx8, cmov, fxsr, ht, mmx, 3dnowpref, sse, sse2, sse3, ssse3, sse4.1, sse4.2, popcnt, lzcnt, tsc, tscinvbit, avx, avx2, aes, erms, clmul, bmi1, bmi2, adx, avx512f, avx512dq, avx512cd, avx512bw, avx512vl, sha, fma, vzeroupper, avx512_vpopcntdq, avx512_vpclmulqdq, avx512_vaes, avx512_vnni, clflush, clflushopt, clwb, avx512_vbmi2, avx512_vbmi, hv
Processor Information for all 16 processors :
  Max Mhz: 2301, Current Mhz: 2301, Mhz Limit: 2301

Memory: 4k page, system-wide physical 40661M (6389M free)
TotalPageFile size 58198M (AvailPageFile size 479M)
current process WorkingSet (physical memory assigned to process): 13M, peak: 13M
current process commit charge ("private bytes"): 71M, peak: 710M

vm_info: OpenJDK 64-Bit Server VM (17.0.9+9) for windows-amd64 JRE (17.0.9+9), built on Oct 26 2023 14:01:42 by "admin" with MS VC++ 16.10 / 16.11 (VS2019)

END.
